This file contains any messages produced by compilers while
running configure, to aid debugging if configure makes a mistake.

It was created by OPAL configure 3.16.2, which was
generated by GNU Autoconf 2.69.  Invocation command line was

  $ ./configure 

## --------- ##
## Platform. ##
## --------- ##

hostname = VPDEL0XDJ5VKR0V
uname -m = x86_64
uname -r = 2.11.2(0.329/5/3)
uname -s = MINGW64_NT-10.0
uname -v = 2018-11-26 09:22

/usr/bin/uname -p = unknown
/bin/uname -X     = unknown

/bin/arch              = x86_64
/usr/bin/arch -k       = unknown
/usr/convex/getsysinfo = unknown
/usr/bin/hostinfo      = unknown
/bin/machine           = unknown
/usr/bin/oslevel       = unknown
/bin/universe          = unknown

PATH: /mingw64/bin
PATH: /usr/local/bin
PATH: /usr/bin
PATH: /bin
PATH: /c/Windows/System32
PATH: /c/Windows
PATH: /c/Windows/System32/Wbem
PATH: /c/Windows/System32/WindowsPowerShell/v1.0/
PATH: /usr/bin/site_perl
PATH: /usr/bin/vendor_perl
PATH: /usr/bin/core_perl


## ----------- ##
## Core tests. ##
## ----------- ##

configure:2569: loading site script /mingw64/etc/config.site
| # This file is in public domain.
| # Original author: Karlson2k (Evgeny Grin)
| # Written for MSys2/MinGW64 to help running 'configure' scripts
| 
| # Defaults for MinGW64-targeted programs
| 
| # Set proper selfname on bash and fallback to default name on other shells
| test -n "${BASH_SOURCE}" 2>/dev/null && config_site_me="${BASH_SOURCE[0]##*/}" || config_site_me=config.site
| 
| # Set default 'host' to speedup configure
| if test -z "$build_alias"; then
|   build_alias="${MSYSTEM_CHOST-x86_64-w64-mingw32}" && \
|     ${as_echo-echo} "$config_site_me:${as_lineno-$LINENO}: default build_alias set to $build_alias" >&5
| fi
| 
| # Set default 'prefix' to "/mingw64"
| if ( test -z "$prefix" || test "x$prefix" = "xNONE" ) && \
|    ( test -z "$exec_prefix" || test "x$exec_prefix" = "xNONE" ); then
|   prefix="${MSYSTEM_PREFIX-/mingw64}" && \
|     ${as_echo-echo} "$config_site_me:${as_lineno-$LINENO}: default prefix set to $prefix" >&5
| fi
config.site:13: default build_alias set to x86_64-w64-mingw32
config.site:20: default prefix set to /mingw64
configure:2794: checking for pkg-config
configure:2812: found /mingw64/bin/pkg-config
configure:2824: result: /mingw64/bin/pkg-config
configure:2849: checking pkg-config is at least version 0.9.0
configure:2852: result: yes
configure:2877: checking build system type
configure:2891: result: x86_64-w64-mingw32
configure:2911: checking host system type
configure:2924: result: x86_64-w64-mingw32
configure:2944: checking target system type
configure:2957: result: x86_64-w64-mingw32
configure:3059: checking for gcc
configure:3075: found /mingw64/bin/gcc
configure:3086: result: gcc
configure:3315: checking for C compiler version
configure:3324: gcc --version >&5
gcc.exe (Rev2, Built by MSYS2 project) 8.3.0
Copyright (C) 2018 Free Software Foundation, Inc.
This is free software; see the source for copying conditions.  There is NO
warranty; not even for MERCHANTABILITY or FITNESS FOR A PARTICULAR PURPOSE.

configure:3335: $? = 0
configure:3324: gcc -v >&5
Using built-in specs.
COLLECT_GCC=E:\msys64\mingw64\bin\gcc.exe
COLLECT_LTO_WRAPPER=E:/msys64/mingw64/bin/../lib/gcc/x86_64-w64-mingw32/8.3.0/lto-wrapper.exe
Target: x86_64-w64-mingw32
Configured with: ../gcc-8.3.0/configure --prefix=/mingw64 --with-local-prefix=/mingw64/local --build=x86_64-w64-mingw32 --host=x86_64-w64-mingw32 --target=x86_64-w64-mingw32 --with-native-system-header-dir=/mingw64/x86_64-w64-mingw32/include --libexecdir=/mingw64/lib --enable-bootstrap --with-arch=x86-64 --with-tune=generic --enable-languages=ada,c,lto,c++,objc,obj-c++,fortran --enable-shared --enable-static --enable-libatomic --enable-threads=posix --enable-graphite --enable-fully-dynamic-string --enable-libstdcxx-filesystem-ts=yes --enable-libstdcxx-time=yes --disable-libstdcxx-pch --disable-libstdcxx-debug --disable-isl-version-check --enable-lto --enable-libgomp --disable-multilib --enable-checking=release --disable-rpath --disable-win32-registry --disable-nls --disable-werror --disable-symvers --with-libiconv --with-system-zlib --with-gmp=/mingw64 --with-mpfr=/mingw64 --with-mpc=/mingw64 --with-isl=/mingw64 --with-pkgversion='Rev2, Built by MSYS2 project' --with-bugurl=https://sourceforge.net/projects/msys2 --with-gnu-as --with-gnu-ld
Thread model: posix
gcc version 8.3.0 (Rev2, Built by MSYS2 project) 
configure:3335: $? = 0
configure:3324: gcc -V >&5
gcc.exe: error: unrecognized command line option '-V'
gcc.exe: fatal error: no input files
compilation terminated.
configure:3335: $? = 1
configure:3324: gcc -qversion >&5
gcc.exe: error: unrecognized command line option '-qversion'; did you mean '--version'?
gcc.exe: fatal error: no input files
compilation terminated.
configure:3335: $? = 1
configure:3355: checking whether the C compiler works
configure:3377: gcc    conftest.c  >&5
configure:3381: $? = 0
configure:3429: result: yes
configure:3432: checking for C compiler default output file name
configure:3434: result: a.exe
configure:3440: checking for suffix of executables
configure:3447: gcc -o conftest.exe    conftest.c  >&5
configure:3451: $? = 0
configure:3473: result: .exe
configure:3495: checking whether we are cross compiling
configure:3503: gcc -o conftest.exe    conftest.c  >&5
configure:3507: $? = 0
configure:3514: ./conftest.exe
configure:3518: $? = 0
configure:3533: result: no
configure:3538: checking for suffix of object files
configure:3560: gcc -c   conftest.c >&5
configure:3564: $? = 0
configure:3585: result: o
configure:3589: checking whether we are using the GNU C compiler
configure:3608: gcc -c   conftest.c >&5
configure:3608: $? = 0
configure:3617: result: yes
configure:3626: checking whether gcc accepts -g
configure:3646: gcc -c -g  conftest.c >&5
configure:3646: $? = 0
configure:3687: result: yes
configure:3704: checking for gcc option to accept ISO C89
configure:3767: gcc  -c -g -O2  conftest.c >&5
configure:3767: $? = 0
configure:3780: result: none needed
configure:3858: checking for g++
configure:3874: found /mingw64/bin/g++
configure:3885: result: g++
configure:3912: checking for C++ compiler version
configure:3921: g++ --version >&5
g++.exe (Rev2, Built by MSYS2 project) 8.3.0
Copyright (C) 2018 Free Software Foundation, Inc.
This is free software; see the source for copying conditions.  There is NO
warranty; not even for MERCHANTABILITY or FITNESS FOR A PARTICULAR PURPOSE.

configure:3932: $? = 0
configure:3921: g++ -v >&5
Using built-in specs.
COLLECT_GCC=E:\msys64\mingw64\bin\g++.exe
COLLECT_LTO_WRAPPER=E:/msys64/mingw64/bin/../lib/gcc/x86_64-w64-mingw32/8.3.0/lto-wrapper.exe
Target: x86_64-w64-mingw32
Configured with: ../gcc-8.3.0/configure --prefix=/mingw64 --with-local-prefix=/mingw64/local --build=x86_64-w64-mingw32 --host=x86_64-w64-mingw32 --target=x86_64-w64-mingw32 --with-native-system-header-dir=/mingw64/x86_64-w64-mingw32/include --libexecdir=/mingw64/lib --enable-bootstrap --with-arch=x86-64 --with-tune=generic --enable-languages=ada,c,lto,c++,objc,obj-c++,fortran --enable-shared --enable-static --enable-libatomic --enable-threads=posix --enable-graphite --enable-fully-dynamic-string --enable-libstdcxx-filesystem-ts=yes --enable-libstdcxx-time=yes --disable-libstdcxx-pch --disable-libstdcxx-debug --disable-isl-version-check --enable-lto --enable-libgomp --disable-multilib --enable-checking=release --disable-rpath --disable-win32-registry --disable-nls --disable-werror --disable-symvers --with-libiconv --with-system-zlib --with-gmp=/mingw64 --with-mpfr=/mingw64 --with-mpc=/mingw64 --with-isl=/mingw64 --with-pkgversion='Rev2, Built by MSYS2 project' --with-bugurl=https://sourceforge.net/projects/msys2 --with-gnu-as --with-gnu-ld
Thread model: posix
gcc version 8.3.0 (Rev2, Built by MSYS2 project) 
configure:3932: $? = 0
configure:3921: g++ -V >&5
g++.exe: error: unrecognized command line option '-V'
g++.exe: fatal error: no input files
compilation terminated.
configure:3932: $? = 1
configure:3921: g++ -qversion >&5
g++.exe: error: unrecognized command line option '-qversion'; did you mean '--version'?
g++.exe: fatal error: no input files
compilation terminated.
configure:3932: $? = 1
configure:3936: checking whether we are using the GNU C++ compiler
configure:3955: g++ -c   conftest.cpp >&5
configure:3955: $? = 0
configure:3964: result: yes
configure:3973: checking whether g++ accepts -g
configure:3993: g++ -c -g  conftest.cpp >&5
configure:3993: $? = 0
configure:4034: result: yes
configure:4066: checking whether ln -s works
configure:4073: result: no, using cp -pR
configure:4120: checking for ranlib
configure:4136: found /mingw64/bin/ranlib
configure:4147: result: ranlib
configure:4173: checking for svn
configure:4206: result: no
configure:4226: checking for a BSD-compatible install
configure:4294: result: /usr/bin/install -c
configure:4305: checking install support for -C
configure:4310: result: yes
configure:4364: checking for ar
configure:4380: found /mingw64/bin/ar
configure:4391: result: ar
configure:4457: checking for strip
configure:4473: found /mingw64/bin/strip
configure:4484: result: strip
configure:4549: checking for objcopy
configure:4565: found /mingw64/bin/objcopy
configure:4576: result: objcopy
configure:4640: checking for dsymutil
configure:4670: result: no
configure:4695: checking how to run the C preprocessor
configure:4726: gcc -E  conftest.c
configure:4726: $? = 0
configure:4740: gcc -E  conftest.c
conftest.c:9:10: fatal error: ac_nonexistent.h: No such file or directory
 #include <ac_nonexistent.h>
          ^~~~~~~~~~~~~~~~~~
compilation terminated.
configure:4740: $? = 1
configure: failed program was:
| /* confdefs.h */
| #define PACKAGE_NAME "OPAL"
| #define PACKAGE_TARNAME "opal"
| #define PACKAGE_VERSION "3.16.2"
| #define PACKAGE_STRING "OPAL 3.16.2"
| #define PACKAGE_BUGREPORT ""
| #define PACKAGE_URL ""
| /* end confdefs.h.  */
| #include <ac_nonexistent.h>
configure:4765: result: gcc -E
configure:4785: gcc -E  conftest.c
configure:4785: $? = 0
configure:4799: gcc -E  conftest.c
conftest.c:9:10: fatal error: ac_nonexistent.h: No such file or directory
 #include <ac_nonexistent.h>
          ^~~~~~~~~~~~~~~~~~
compilation terminated.
configure:4799: $? = 1
configure: failed program was:
| /* confdefs.h */
| #define PACKAGE_NAME "OPAL"
| #define PACKAGE_TARNAME "opal"
| #define PACKAGE_VERSION "3.16.2"
| #define PACKAGE_STRING "OPAL 3.16.2"
| #define PACKAGE_BUGREPORT ""
| #define PACKAGE_URL ""
| /* end confdefs.h.  */
| #include <ac_nonexistent.h>
configure:4828: checking for grep that handles long lines and -e
configure:4886: result: /usr/bin/grep
configure:4891: checking for egrep
configure:4953: result: /usr/bin/grep -E
configure:4958: checking for ANSI C header files
configure:4978: gcc -c   conftest.c >&5
configure:4978: $? = 0
configure:5051: gcc -o conftest.exe    conftest.c  >&5
configure:5051: $? = 0
configure:5051: ./conftest.exe
configure:5051: $? = 0
configure:5062: result: yes
configure:5075: checking for sys/types.h
configure:5075: gcc -c   conftest.c >&5
configure:5075: $? = 0
configure:5075: result: yes
configure:5075: checking for sys/stat.h
configure:5075: gcc -c   conftest.c >&5
configure:5075: $? = 0
configure:5075: result: yes
configure:5075: checking for stdlib.h
configure:5075: gcc -c   conftest.c >&5
configure:5075: $? = 0
configure:5075: result: yes
configure:5075: checking for string.h
configure:5075: gcc -c   conftest.c >&5
configure:5075: $? = 0
configure:5075: result: yes
configure:5075: checking for memory.h
configure:5075: gcc -c   conftest.c >&5
configure:5075: $? = 0
configure:5075: result: yes
configure:5075: checking for strings.h
configure:5075: gcc -c   conftest.c >&5
configure:5075: $? = 0
configure:5075: result: yes
configure:5075: checking for inttypes.h
configure:5075: gcc -c   conftest.c >&5
configure:5075: $? = 0
configure:5075: result: yes
configure:5075: checking for stdint.h
configure:5075: gcc -c   conftest.c >&5
configure:5075: $? = 0
configure:5075: result: yes
configure:5075: checking for unistd.h
configure:5075: gcc -c   conftest.c >&5
configure:5075: $? = 0
configure:5075: result: yes
configure:5091: checking size of int
configure:5096: gcc -o conftest.exe    conftest.c  >&5
configure:5096: $? = 0
configure:5096: ./conftest.exe
configure:5096: $? = 0
configure:5110: result: 4
configure:5120: checking for int8_t
configure:5120: gcc -c   conftest.c >&5
configure:5120: $? = 0
configure:5120: gcc -c   conftest.c >&5
conftest.c: In function 'main':
conftest.c:57:12: error: size of array 'test_array' is negative
 static int test_array [1 - 2 * !((int8_t) (((((int8_t) 1 << N) << N) - 1) * 2 + 1)
            ^~~~~~~~~~
configure:5120: $? = 1
configure: failed program was:
| /* confdefs.h */
| #define PACKAGE_NAME "OPAL"
| #define PACKAGE_TARNAME "opal"
| #define PACKAGE_VERSION "3.16.2"
| #define PACKAGE_STRING "OPAL 3.16.2"
| #define PACKAGE_BUGREPORT ""
| #define PACKAGE_URL ""
| #define STDC_HEADERS 1
| #define HAVE_SYS_TYPES_H 1
| #define HAVE_SYS_STAT_H 1
| #define HAVE_STDLIB_H 1
| #define HAVE_STRING_H 1
| #define HAVE_MEMORY_H 1
| #define HAVE_STRINGS_H 1
| #define HAVE_INTTYPES_H 1
| #define HAVE_STDINT_H 1
| #define HAVE_UNISTD_H 1
| #define SIZEOF_INT 4
| /* end confdefs.h.  */
| #include <stdio.h>
| #ifdef HAVE_SYS_TYPES_H
| # include <sys/types.h>
| #endif
| #ifdef HAVE_SYS_STAT_H
| # include <sys/stat.h>
| #endif
| #ifdef STDC_HEADERS
| # include <stdlib.h>
| # include <stddef.h>
| #else
| # ifdef HAVE_STDLIB_H
| #  include <stdlib.h>
| # endif
| #endif
| #ifdef HAVE_STRING_H
| # if !defined STDC_HEADERS && defined HAVE_MEMORY_H
| #  include <memory.h>
| # endif
| # include <string.h>
| #endif
| #ifdef HAVE_STRINGS_H
| # include <strings.h>
| #endif
| #ifdef HAVE_INTTYPES_H
| # include <inttypes.h>
| #endif
| #ifdef HAVE_STDINT_H
| # include <stdint.h>
| #endif
| #ifdef HAVE_UNISTD_H
| # include <unistd.h>
| #endif
| 	        enum { N = 8 / 2 - 1 };
| int
| main ()
| {
| static int test_array [1 - 2 * !((int8_t) (((((int8_t) 1 << N) << N) - 1) * 2 + 1)
| 		 < (int8_t) (((((int8_t) 1 << N) << N) - 1) * 2 + 2))];
| test_array [0] = 0;
| return test_array [0];
| 
|   ;
|   return 0;
| }
configure:5120: result: yes
configure:5131: checking for int16_t
configure:5131: gcc -c   conftest.c >&5
configure:5131: $? = 0
configure:5131: gcc -c   conftest.c >&5
conftest.c: In function 'main':
conftest.c:57:12: error: size of array 'test_array' is negative
 static int test_array [1 - 2 * !((int16_t) (((((int16_t) 1 << N) << N) - 1) * 2 + 1)
            ^~~~~~~~~~
configure:5131: $? = 1
configure: failed program was:
| /* confdefs.h */
| #define PACKAGE_NAME "OPAL"
| #define PACKAGE_TARNAME "opal"
| #define PACKAGE_VERSION "3.16.2"
| #define PACKAGE_STRING "OPAL 3.16.2"
| #define PACKAGE_BUGREPORT ""
| #define PACKAGE_URL ""
| #define STDC_HEADERS 1
| #define HAVE_SYS_TYPES_H 1
| #define HAVE_SYS_STAT_H 1
| #define HAVE_STDLIB_H 1
| #define HAVE_STRING_H 1
| #define HAVE_MEMORY_H 1
| #define HAVE_STRINGS_H 1
| #define HAVE_INTTYPES_H 1
| #define HAVE_STDINT_H 1
| #define HAVE_UNISTD_H 1
| #define SIZEOF_INT 4
| /* end confdefs.h.  */
| #include <stdio.h>
| #ifdef HAVE_SYS_TYPES_H
| # include <sys/types.h>
| #endif
| #ifdef HAVE_SYS_STAT_H
| # include <sys/stat.h>
| #endif
| #ifdef STDC_HEADERS
| # include <stdlib.h>
| # include <stddef.h>
| #else
| # ifdef HAVE_STDLIB_H
| #  include <stdlib.h>
| # endif
| #endif
| #ifdef HAVE_STRING_H
| # if !defined STDC_HEADERS && defined HAVE_MEMORY_H
| #  include <memory.h>
| # endif
| # include <string.h>
| #endif
| #ifdef HAVE_STRINGS_H
| # include <strings.h>
| #endif
| #ifdef HAVE_INTTYPES_H
| # include <inttypes.h>
| #endif
| #ifdef HAVE_STDINT_H
| # include <stdint.h>
| #endif
| #ifdef HAVE_UNISTD_H
| # include <unistd.h>
| #endif
| 	        enum { N = 16 / 2 - 1 };
| int
| main ()
| {
| static int test_array [1 - 2 * !((int16_t) (((((int16_t) 1 << N) << N) - 1) * 2 + 1)
| 		 < (int16_t) (((((int16_t) 1 << N) << N) - 1) * 2 + 2))];
| test_array [0] = 0;
| return test_array [0];
| 
|   ;
|   return 0;
| }
configure:5131: result: yes
configure:5142: checking for int32_t
configure:5142: gcc -c   conftest.c >&5
configure:5142: $? = 0
configure:5142: gcc -c   conftest.c >&5
conftest.c: In function 'main':
conftest.c:58:53: warning: integer overflow in expression of type 'int' results in '-2147483648' [-Woverflow]
    < (int32_t) (((((int32_t) 1 << N) << N) - 1) * 2 + 2))];
                                                     ^
conftest.c:57:12: error: storage size of 'test_array' isn't constant
 static int test_array [1 - 2 * !((int32_t) (((((int32_t) 1 << N) << N) - 1) * 2 + 1)
            ^~~~~~~~~~
configure:5142: $? = 1
configure: failed program was:
| /* confdefs.h */
| #define PACKAGE_NAME "OPAL"
| #define PACKAGE_TARNAME "opal"
| #define PACKAGE_VERSION "3.16.2"
| #define PACKAGE_STRING "OPAL 3.16.2"
| #define PACKAGE_BUGREPORT ""
| #define PACKAGE_URL ""
| #define STDC_HEADERS 1
| #define HAVE_SYS_TYPES_H 1
| #define HAVE_SYS_STAT_H 1
| #define HAVE_STDLIB_H 1
| #define HAVE_STRING_H 1
| #define HAVE_MEMORY_H 1
| #define HAVE_STRINGS_H 1
| #define HAVE_INTTYPES_H 1
| #define HAVE_STDINT_H 1
| #define HAVE_UNISTD_H 1
| #define SIZEOF_INT 4
| /* end confdefs.h.  */
| #include <stdio.h>
| #ifdef HAVE_SYS_TYPES_H
| # include <sys/types.h>
| #endif
| #ifdef HAVE_SYS_STAT_H
| # include <sys/stat.h>
| #endif
| #ifdef STDC_HEADERS
| # include <stdlib.h>
| # include <stddef.h>
| #else
| # ifdef HAVE_STDLIB_H
| #  include <stdlib.h>
| # endif
| #endif
| #ifdef HAVE_STRING_H
| # if !defined STDC_HEADERS && defined HAVE_MEMORY_H
| #  include <memory.h>
| # endif
| # include <string.h>
| #endif
| #ifdef HAVE_STRINGS_H
| # include <strings.h>
| #endif
| #ifdef HAVE_INTTYPES_H
| # include <inttypes.h>
| #endif
| #ifdef HAVE_STDINT_H
| # include <stdint.h>
| #endif
| #ifdef HAVE_UNISTD_H
| # include <unistd.h>
| #endif
| 	        enum { N = 32 / 2 - 1 };
| int
| main ()
| {
| static int test_array [1 - 2 * !((int32_t) (((((int32_t) 1 << N) << N) - 1) * 2 + 1)
| 		 < (int32_t) (((((int32_t) 1 << N) << N) - 1) * 2 + 2))];
| test_array [0] = 0;
| return test_array [0];
| 
|   ;
|   return 0;
| }
configure:5142: result: yes
configure:5153: checking for int64_t
configure:5153: gcc -c   conftest.c >&5
configure:5153: $? = 0
configure:5153: gcc -c   conftest.c >&5
conftest.c: In function 'main':
conftest.c:58:53: warning: integer overflow in expression of type 'long long int' results in '-9223372036854775808' [-Woverflow]
    < (int64_t) (((((int64_t) 1 << N) << N) - 1) * 2 + 2))];
                                                     ^
conftest.c:57:12: error: storage size of 'test_array' isn't constant
 static int test_array [1 - 2 * !((int64_t) (((((int64_t) 1 << N) << N) - 1) * 2 + 1)
            ^~~~~~~~~~
configure:5153: $? = 1
configure: failed program was:
| /* confdefs.h */
| #define PACKAGE_NAME "OPAL"
| #define PACKAGE_TARNAME "opal"
| #define PACKAGE_VERSION "3.16.2"
| #define PACKAGE_STRING "OPAL 3.16.2"
| #define PACKAGE_BUGREPORT ""
| #define PACKAGE_URL ""
| #define STDC_HEADERS 1
| #define HAVE_SYS_TYPES_H 1
| #define HAVE_SYS_STAT_H 1
| #define HAVE_STDLIB_H 1
| #define HAVE_STRING_H 1
| #define HAVE_MEMORY_H 1
| #define HAVE_STRINGS_H 1
| #define HAVE_INTTYPES_H 1
| #define HAVE_STDINT_H 1
| #define HAVE_UNISTD_H 1
| #define SIZEOF_INT 4
| /* end confdefs.h.  */
| #include <stdio.h>
| #ifdef HAVE_SYS_TYPES_H
| # include <sys/types.h>
| #endif
| #ifdef HAVE_SYS_STAT_H
| # include <sys/stat.h>
| #endif
| #ifdef STDC_HEADERS
| # include <stdlib.h>
| # include <stddef.h>
| #else
| # ifdef HAVE_STDLIB_H
| #  include <stdlib.h>
| # endif
| #endif
| #ifdef HAVE_STRING_H
| # if !defined STDC_HEADERS && defined HAVE_MEMORY_H
| #  include <memory.h>
| # endif
| # include <string.h>
| #endif
| #ifdef HAVE_STRINGS_H
| # include <strings.h>
| #endif
| #ifdef HAVE_INTTYPES_H
| # include <inttypes.h>
| #endif
| #ifdef HAVE_STDINT_H
| # include <stdint.h>
| #endif
| #ifdef HAVE_UNISTD_H
| # include <unistd.h>
| #endif
| 	        enum { N = 64 / 2 - 1 };
| int
| main ()
| {
| static int test_array [1 - 2 * !((int64_t) (((((int64_t) 1 << N) << N) - 1) * 2 + 1)
| 		 < (int64_t) (((((int64_t) 1 << N) << N) - 1) * 2 + 2))];
| test_array [0] = 0;
| return test_array [0];
| 
|   ;
|   return 0;
| }
configure:5153: result: yes
configure:5165: checking for intptr_t
configure:5165: gcc -c   conftest.c >&5
configure:5165: $? = 0
configure:5165: gcc -c   conftest.c >&5
conftest.c: In function 'main':
conftest.c:56:23: error: expected expression before ')' token
 if (sizeof ((intptr_t)))
                       ^
configure:5165: $? = 1
configure: failed program was:
| /* confdefs.h */
| #define PACKAGE_NAME "OPAL"
| #define PACKAGE_TARNAME "opal"
| #define PACKAGE_VERSION "3.16.2"
| #define PACKAGE_STRING "OPAL 3.16.2"
| #define PACKAGE_BUGREPORT ""
| #define PACKAGE_URL ""
| #define STDC_HEADERS 1
| #define HAVE_SYS_TYPES_H 1
| #define HAVE_SYS_STAT_H 1
| #define HAVE_STDLIB_H 1
| #define HAVE_STRING_H 1
| #define HAVE_MEMORY_H 1
| #define HAVE_STRINGS_H 1
| #define HAVE_INTTYPES_H 1
| #define HAVE_STDINT_H 1
| #define HAVE_UNISTD_H 1
| #define SIZEOF_INT 4
| /* end confdefs.h.  */
| #include <stdio.h>
| #ifdef HAVE_SYS_TYPES_H
| # include <sys/types.h>
| #endif
| #ifdef HAVE_SYS_STAT_H
| # include <sys/stat.h>
| #endif
| #ifdef STDC_HEADERS
| # include <stdlib.h>
| # include <stddef.h>
| #else
| # ifdef HAVE_STDLIB_H
| #  include <stdlib.h>
| # endif
| #endif
| #ifdef HAVE_STRING_H
| # if !defined STDC_HEADERS && defined HAVE_MEMORY_H
| #  include <memory.h>
| # endif
| # include <string.h>
| #endif
| #ifdef HAVE_STRINGS_H
| # include <strings.h>
| #endif
| #ifdef HAVE_INTTYPES_H
| # include <inttypes.h>
| #endif
| #ifdef HAVE_STDINT_H
| # include <stdint.h>
| #endif
| #ifdef HAVE_UNISTD_H
| # include <unistd.h>
| #endif
| int
| main ()
| {
| if (sizeof ((intptr_t)))
| 	    return 0;
|   ;
|   return 0;
| }
configure:5165: result: yes
configure:5200: checking for uint8_t
configure:5200: gcc -c   conftest.c >&5
configure:5200: $? = 0
configure:5200: result: yes
configure:5214: checking for uint16_t
configure:5214: gcc -c   conftest.c >&5
configure:5214: $? = 0
configure:5214: result: yes
configure:5226: checking for uint32_t
configure:5226: gcc -c   conftest.c >&5
configure:5226: $? = 0
configure:5226: result: yes
configure:5240: checking for uint64_t
configure:5240: gcc -c   conftest.c >&5
configure:5240: $? = 0
configure:5240: result: yes
configure:5255: checking for uintptr_t
configure:5255: gcc -c   conftest.c >&5
configure:5255: $? = 0
configure:5255: gcc -c   conftest.c >&5
conftest.c: In function 'main':
conftest.c:57:24: error: expected expression before ')' token
 if (sizeof ((uintptr_t)))
                        ^
configure:5255: $? = 1
configure: failed program was:
| /* confdefs.h */
| #define PACKAGE_NAME "OPAL"
| #define PACKAGE_TARNAME "opal"
| #define PACKAGE_VERSION "3.16.2"
| #define PACKAGE_STRING "OPAL 3.16.2"
| #define PACKAGE_BUGREPORT ""
| #define PACKAGE_URL ""
| #define STDC_HEADERS 1
| #define HAVE_SYS_TYPES_H 1
| #define HAVE_SYS_STAT_H 1
| #define HAVE_STDLIB_H 1
| #define HAVE_STRING_H 1
| #define HAVE_MEMORY_H 1
| #define HAVE_STRINGS_H 1
| #define HAVE_INTTYPES_H 1
| #define HAVE_STDINT_H 1
| #define HAVE_UNISTD_H 1
| #define SIZEOF_INT 4
| #define HAVE_INTPTR_T 1
| /* end confdefs.h.  */
| #include <stdio.h>
| #ifdef HAVE_SYS_TYPES_H
| # include <sys/types.h>
| #endif
| #ifdef HAVE_SYS_STAT_H
| # include <sys/stat.h>
| #endif
| #ifdef STDC_HEADERS
| # include <stdlib.h>
| # include <stddef.h>
| #else
| # ifdef HAVE_STDLIB_H
| #  include <stdlib.h>
| # endif
| #endif
| #ifdef HAVE_STRING_H
| # if !defined STDC_HEADERS && defined HAVE_MEMORY_H
| #  include <memory.h>
| # endif
| # include <string.h>
| #endif
| #ifdef HAVE_STRINGS_H
| # include <strings.h>
| #endif
| #ifdef HAVE_INTTYPES_H
| # include <inttypes.h>
| #endif
| #ifdef HAVE_STDINT_H
| # include <stdint.h>
| #endif
| #ifdef HAVE_UNISTD_H
| # include <unistd.h>
| #endif
| int
| main ()
| {
| if (sizeof ((uintptr_t)))
| 	    return 0;
|   ;
|   return 0;
| }
configure:5255: result: yes
configure:5292: checking for unsigned long long int
configure:5331: gcc -o conftest.exe    conftest.c  >&5
configure:5331: $? = 0
configure:5340: result: yes
configure:5350: checking for long long int
configure:5388: gcc -o conftest.exe    conftest.c  >&5
configure:5388: $? = 0
configure:5388: ./conftest.exe
configure:5388: $? = 0
configure:5400: result: yes
configure:5409: checking for unsigned long long int
configure:5457: result: yes
configure:5466: checking for long double
configure:5499: result: yes
configure:5836: Platform: "mingw" release "2.11.2(0.329/5/3)" on "x86_64"
configure:5849: checking debug build (-gdwarf-4)
configure:5862: gcc -c   -gdwarf-4 conftest.c >&5
configure:5862: $? = 0
configure:5869: result: yes
configure:5925: checking optimised build (-O3)
configure:5938: gcc -c   -O3 conftest.c >&5
configure:5938: $? = 0
configure:5945: result: yes
configure:5964: checking Disable unknown-pragmas warning (-Wno-unknown-pragmas)
configure:5977: gcc -c   -Werror -Wno-unknown-pragmas conftest.c >&5
configure:5977: $? = 0
configure:5984: result: yes
configure:6006: checking Disable unused-private-field warning (-Wno-unused-private-field)
configure:6019: g++ -c  -Wno-unknown-pragmas  -Werror -Wno-unused-private-field conftest.cpp >&5
configure:6019: $? = 0
configure:6026: result: yes
configure:6040: checking Disable overloaded-virtual warning (-Wno-overloaded-virtual)
configure:6053: g++ -c -Wno-unused-private-field  -Wno-unknown-pragmas  -Werror -Wno-overloaded-virtual conftest.cpp >&5
configure:6053: $? = 0
configure:6060: result: yes
configure:6074: checking Disable deprecated-declarations warning (-Wno-deprecated-declarations)
configure:6087: g++ -c -Wno-overloaded-virtual -Wno-unused-private-field  -Wno-unknown-pragmas  -Werror -Wno-deprecated-declarations conftest.cpp >&5
configure:6087: $? = 0
configure:6094: result: yes
configure:6115: checking warnings (-Wall)
configure:6128: gcc -c  -Wno-unknown-pragmas  -Wall conftest.c >&5
configure:6128: $? = 0
configure:6135: result: yes
configure:6409: checking OPAL directory
configure:6451: result: local source and prefix install
configure:6511: OPAL version is 3.16.2
configure:6541: checking for ptlib >= 2.14.1
configure:6548: $PKG_CONFIG --exists --print-errors "ptlib >= 2.14.1"
configure:6551: $? = 0
configure:6565: $PKG_CONFIG --exists --print-errors "ptlib >= 2.14.1"
configure:6568: $? = 0
configure:6614: result: yes
configure:6639: checking PTLib for URL
configure:6642: result: 
configure:6655: checking PTLib for HTTP
configure:6658: result: 
configure:6671: checking PTLib for STUN
configure:6674: result: 
configure:6681: checking PTLib for SSL/TLS
configure:6684: result: yes
configure:6691: checking PTLib for SSL/AES
configure:6694: result: yes
configure:6701: checking PTLib for ASN.1
configure:6704: result: 
configure:6711: checking PTLib for Expat
configure:6714: result: yes
configure:6721: checking PTLib for Video
configure:6724: result: 
configure:6731: checking PTLib for WAV file
configure:6734: result: 
configure:6741: checking PTLib for VXML
configure:6744: result: 
configure:6751: checking PTLib for IP v6
configure:6754: result: no
configure:6761: checking PTLib for DTMF
configure:6764: result: 
configure:6771: checking PTLib for LDAP
configure:6774: result: no
configure:6781: checking PTLib for DNS resolver
configure:6784: result: no
configure:6791: checking PTLib for Audio
configure:6794: result: 
configure:6801: checking PTLib for Config file
configure:6804: result: 
configure:6811: checking PTLib for HTTP Server
configure:6814: result: 
configure:6821: checking PTLib for CLI
configure:6824: result: 
configure:6831: checking PTLib for GStreamer
configure:6834: result: no
configure:6850: checking SRTP protocol support
configure:6885: result: yes
configure:6934: checking for libsrtp 
configure:6941: $PKG_CONFIG --exists --print-errors "libsrtp "
Package libsrtp was not found in the pkg-config search path.
Perhaps you should add the directory containing `libsrtp.pc'
to the PKG_CONFIG_PATH environment variable
No package 'libsrtp' found
configure:6944: $? = 1
configure:6958: $PKG_CONFIG --exists --print-errors "libsrtp "
Package libsrtp was not found in the pkg-config search path.
Perhaps you should add the directory containing `libsrtp.pc'
to the PKG_CONFIG_PATH environment variable
No package 'libsrtp' found
configure:6961: $? = 1
configure:6975: result: no
No package 'libsrtp' found
configure:7021: checking for SRTP protocol support usability
configure:7037: gcc -o conftest.exe  -Wall -Wno-unknown-pragmas  -I${includedir} -I${includedir}/opal   conftest.c -lsrtp -lwinmm -lwsock32 -lws2_32 -lsnmpapi -lmpr -lcomdlg32 -lgdi32 -lavicap32 -liphlpapi -lole32 -lquartz  >&5
conftest.c:30:10: fatal error: srtp/srtp.h: No such file or directory
 #include <srtp/srtp.h>
          ^~~~~~~~~~~~~
compilation terminated.
configure:7037: $? = 1
configure: failed program was:
| /* confdefs.h */
| #define PACKAGE_NAME "OPAL"
| #define PACKAGE_TARNAME "opal"
| #define PACKAGE_VERSION "3.16.2"
| #define PACKAGE_STRING "OPAL 3.16.2"
| #define PACKAGE_BUGREPORT ""
| #define PACKAGE_URL ""
| #define STDC_HEADERS 1
| #define HAVE_SYS_TYPES_H 1
| #define HAVE_SYS_STAT_H 1
| #define HAVE_STDLIB_H 1
| #define HAVE_STRING_H 1
| #define HAVE_MEMORY_H 1
| #define HAVE_STRINGS_H 1
| #define HAVE_INTTYPES_H 1
| #define HAVE_STDINT_H 1
| #define HAVE_UNISTD_H 1
| #define SIZEOF_INT 4
| #define HAVE_INTPTR_T 1
| #define HAVE_UINTPTR_T 1
| #define HAVE_UNSIGNED_LONG_LONG_INT 1
| #define HAVE_LONG_LONG_INT 1
| #define HAVE_UNSIGNED_LONG_LONG_INT 1
| #define HAVE_LONG_DOUBLE 1
| #define OPAL_MAJOR 3
| #define OPAL_MINOR 16
| #define OPAL_BUILD 2
| #define OPAL_VERSION "3.16.2"
| /* end confdefs.h.  */
| #include <srtp/srtp.h>
| int
| main ()
| {
| 
|       crypto_policy_t p;
|       p.cipher_key_len = SRTP_MASTER_KEY_LEN;
| 
|   ;
|   return 0;
| }
configure:7045: result: no
configure:7083: Using internal source for SRTP protocol support
configure:7138: checking ZRTP protocol support
configure:7173: result: yes
configure:7205: checking for libzrtp
configure:7212: $PKG_CONFIG --exists --print-errors "libzrtp"
Package libzrtp was not found in the pkg-config search path.
Perhaps you should add the directory containing `libzrtp.pc'
to the PKG_CONFIG_PATH environment variable
No package 'libzrtp' found
configure:7215: $? = 1
configure:7229: $PKG_CONFIG --exists --print-errors "libzrtp"
Package libzrtp was not found in the pkg-config search path.
Perhaps you should add the directory containing `libzrtp.pc'
to the PKG_CONFIG_PATH environment variable
No package 'libzrtp' found
configure:7232: $? = 1
configure:7246: result: no
No package 'libzrtp' found
configure:7292: checking for ZRTP protocol support usability
configure:7306: gcc -o conftest.exe  -Wall -Wno-unknown-pragmas  -I${includedir} -I${includedir}/opal   conftest.c -lzrtpi -lbn -lwinmm -lwsock32 -lws2_32 -lsnmpapi -lmpr -lcomdlg32 -lgdi32 -lavicap32 -liphlpapi -lole32 -lquartz  >&5
conftest.c:32:10: fatal error: zrtp/zrtp.h: No such file or directory
 #include <zrtp/zrtp.h>
          ^~~~~~~~~~~~~
compilation terminated.
configure:7306: $? = 1
configure: failed program was:
| /* confdefs.h */
| #define PACKAGE_NAME "OPAL"
| #define PACKAGE_TARNAME "opal"
| #define PACKAGE_VERSION "3.16.2"
| #define PACKAGE_STRING "OPAL 3.16.2"
| #define PACKAGE_BUGREPORT ""
| #define PACKAGE_URL ""
| #define STDC_HEADERS 1
| #define HAVE_SYS_TYPES_H 1
| #define HAVE_SYS_STAT_H 1
| #define HAVE_STDLIB_H 1
| #define HAVE_STRING_H 1
| #define HAVE_MEMORY_H 1
| #define HAVE_STRINGS_H 1
| #define HAVE_INTTYPES_H 1
| #define HAVE_STDINT_H 1
| #define HAVE_UNISTD_H 1
| #define SIZEOF_INT 4
| #define HAVE_INTPTR_T 1
| #define HAVE_UINTPTR_T 1
| #define HAVE_UNSIGNED_LONG_LONG_INT 1
| #define HAVE_LONG_LONG_INT 1
| #define HAVE_UNSIGNED_LONG_LONG_INT 1
| #define HAVE_LONG_DOUBLE 1
| #define OPAL_MAJOR 3
| #define OPAL_MINOR 16
| #define OPAL_BUILD 2
| #define OPAL_VERSION "3.16.2"
| #define HAS_SRTP_SRTP_H 0
| #define OPAL_SRTP 1
| /* end confdefs.h.  */
| #include <zrtp/zrtp.h>
| int
| main ()
| {
| ;
| 
|   ;
|   return 0;
| }
configure:7314: result: no
configure:7375: checking Speex DSP support
configure:7410: result: yes
configure:7459: checking for speexdsp 
configure:7466: $PKG_CONFIG --exists --print-errors "speexdsp "
configure:7469: $? = 0
configure:7483: $PKG_CONFIG --exists --print-errors "speexdsp "
configure:7486: $? = 0
configure:7532: result: yes
configure:7546: checking for Speex DSP support usability
configure:7559: gcc -o conftest.exe  -Wall -Wno-unknown-pragmas  -I${includedir} -I${includedir}/opal -IE:/msys64/mingw64/include  conftest.c -LE:/msys64/mingw64/lib -lspeexdsp -lwinmm -lwsock32 -lws2_32 -lsnmpapi -lmpr -lcomdlg32 -lgdi32 -lavicap32 -liphlpapi -lole32 -lquartz  >&5
configure:7559: $? = 0
configure:7567: result: yes
configure:7576: Adding CPPFLAGS: -IE:/msys64/mingw64/include
configure:7583: Adding LIBS: -LE:/msys64/mingw64/lib -lspeexdsp
configure:7632: checking for float parameter in Speex noise reduction
configure:7653: gcc -o conftest.exe  -IE:/msys64/mingw64/include -Wall -Wno-unknown-pragmas  -I${includedir} -I${includedir}/opal -IE:/msys64/mingw64/include  conftest.c -LE:/msys64/mingw64/lib -lspeexdsp -LE:/msys64/mingw64/lib -lspeexdsp -lwinmm -lwsock32 -lws2_32 -lsnmpapi -lmpr -lcomdlg32 -lgdi32 -lavicap32 -liphlpapi -lole32 -lquartz  >&5
conftest.c: In function 'main':
conftest.c:41:13: error: unknown type name 'SpeexEchoState'; did you mean 'SpeexMode'?
             SpeexEchoState *st;
             ^~~~~~~~~~~~~~
             SpeexMode
conftest.c:44:13: warning: implicit declaration of function 'speex_echo_cancel'; did you mean 'speex_decoder_ctl'? [-Wimplicit-function-declaration]
             speex_echo_cancel(st, x, x, x, echo);
             ^~~~~~~~~~~~~~~~~
             speex_decoder_ctl
configure:7653: $? = 1
configure: failed program was:
| /* confdefs.h */
| #define PACKAGE_NAME "OPAL"
| #define PACKAGE_TARNAME "opal"
| #define PACKAGE_VERSION "3.16.2"
| #define PACKAGE_STRING "OPAL 3.16.2"
| #define PACKAGE_BUGREPORT ""
| #define PACKAGE_URL ""
| #define STDC_HEADERS 1
| #define HAVE_SYS_TYPES_H 1
| #define HAVE_SYS_STAT_H 1
| #define HAVE_STDLIB_H 1
| #define HAVE_STRING_H 1
| #define HAVE_MEMORY_H 1
| #define HAVE_STRINGS_H 1
| #define HAVE_INTTYPES_H 1
| #define HAVE_STDINT_H 1
| #define HAVE_UNISTD_H 1
| #define SIZEOF_INT 4
| #define HAVE_INTPTR_T 1
| #define HAVE_UINTPTR_T 1
| #define HAVE_UNSIGNED_LONG_LONG_INT 1
| #define HAVE_LONG_LONG_INT 1
| #define HAVE_UNSIGNED_LONG_LONG_INT 1
| #define HAVE_LONG_DOUBLE 1
| #define OPAL_MAJOR 3
| #define OPAL_MINOR 16
| #define OPAL_BUILD 2
| #define OPAL_VERSION "3.16.2"
| #define HAS_SRTP_SRTP_H 0
| #define OPAL_SRTP 1
| #define OPAL_SYSTEM_SPEEX 1
| /* end confdefs.h.  */
| 
|             #include <speex/speex.h>
|             #include <speex/speex_preprocess.h>
| 
| int
| main ()
| {
| 
|             SpeexEchoState *st;
|             spx_int16_t *x;
|             float *echo;
|             speex_echo_cancel(st, x, x, x, echo);
| 
|   ;
|   return 0;
| }
configure:7661: result: no
configure:7681: checking accoustic echo cancellation support
configure:7726: result: yes
configure:7756: checking CAPI ISDN support
configure:7791: result: yes
configure:7823: checking for capi20
configure:7830: $PKG_CONFIG --exists --print-errors "capi20"
Package capi20 was not found in the pkg-config search path.
Perhaps you should add the directory containing `capi20.pc'
to the PKG_CONFIG_PATH environment variable
No package 'capi20' found
configure:7833: $? = 1
configure:7847: $PKG_CONFIG --exists --print-errors "capi20"
Package capi20 was not found in the pkg-config search path.
Perhaps you should add the directory containing `capi20.pc'
to the PKG_CONFIG_PATH environment variable
No package 'capi20' found
configure:7850: $? = 1
configure:7864: result: no
No package 'capi20' found
configure:7910: checking for CAPI ISDN support usability
configure:7924: gcc -o conftest.exe  -IE:/msys64/mingw64/include -Wall -Wno-unknown-pragmas  -I${includedir} -I${includedir}/opal   conftest.c -lcapi -LE:/msys64/mingw64/lib -lspeexdsp -lwinmm -lwsock32 -lws2_32 -lsnmpapi -lmpr -lcomdlg32 -lgdi32 -lavicap32 -liphlpapi -lole32 -lquartz  >&5
conftest.c:34:10: fatal error: capi20.h: No such file or directory
 #include <capi20.h>
          ^~~~~~~~~~
compilation terminated.
configure:7924: $? = 1
configure: failed program was:
| /* confdefs.h */
| #define PACKAGE_NAME "OPAL"
| #define PACKAGE_TARNAME "opal"
| #define PACKAGE_VERSION "3.16.2"
| #define PACKAGE_STRING "OPAL 3.16.2"
| #define PACKAGE_BUGREPORT ""
| #define PACKAGE_URL ""
| #define STDC_HEADERS 1
| #define HAVE_SYS_TYPES_H 1
| #define HAVE_SYS_STAT_H 1
| #define HAVE_STDLIB_H 1
| #define HAVE_STRING_H 1
| #define HAVE_MEMORY_H 1
| #define HAVE_STRINGS_H 1
| #define HAVE_INTTYPES_H 1
| #define HAVE_STDINT_H 1
| #define HAVE_UNISTD_H 1
| #define SIZEOF_INT 4
| #define HAVE_INTPTR_T 1
| #define HAVE_UINTPTR_T 1
| #define HAVE_UNSIGNED_LONG_LONG_INT 1
| #define HAVE_LONG_LONG_INT 1
| #define HAVE_UNSIGNED_LONG_LONG_INT 1
| #define HAVE_LONG_DOUBLE 1
| #define OPAL_MAJOR 3
| #define OPAL_MINOR 16
| #define OPAL_BUILD 2
| #define OPAL_VERSION "3.16.2"
| #define HAS_SRTP_SRTP_H 0
| #define OPAL_SRTP 1
| #define OPAL_SYSTEM_SPEEX 1
| #define OPAL_AEC 1
| /* end confdefs.h.  */
| #include <capi20.h>
| int
| main ()
| {
| capi20_release(0)
| 
|   ;
|   return 0;
| }
configure:7932: result: no
configure:7989: checking for swig
configure:8007: found /usr/bin/swig
configure:8019: result: /usr/bin/swig
configure:8036: checking Java JNI support
configure:8071: result: yes
configure:8103: checking for openjdk
configure:8110: $PKG_CONFIG --exists --print-errors "openjdk"
Package openjdk was not found in the pkg-config search path.
Perhaps you should add the directory containing `openjdk.pc'
to the PKG_CONFIG_PATH environment variable
No package 'openjdk' found
configure:8113: $? = 1
configure:8127: $PKG_CONFIG --exists --print-errors "openjdk"
Package openjdk was not found in the pkg-config search path.
Perhaps you should add the directory containing `openjdk.pc'
to the PKG_CONFIG_PATH environment variable
No package 'openjdk' found
configure:8130: $? = 1
configure:8144: result: no
No package 'openjdk' found
configure:8190: checking for Java JNI support usability
configure:8204: gcc -o conftest.exe  -IE:/msys64/mingw64/include -Wall -Wno-unknown-pragmas  -I${includedir} -I${includedir}/opal   conftest.c -ljdk -LE:/msys64/mingw64/lib -lspeexdsp -lwinmm -lwsock32 -lws2_32 -lsnmpapi -lmpr -lcomdlg32 -lgdi32 -lavicap32 -liphlpapi -lole32 -lquartz  >&5
conftest.c:34:10: fatal error: jni.h: No such file or directory
 #include <jni.h>
          ^~~~~~~
compilation terminated.
configure:8204: $? = 1
configure: failed program was:
| /* confdefs.h */
| #define PACKAGE_NAME "OPAL"
| #define PACKAGE_TARNAME "opal"
| #define PACKAGE_VERSION "3.16.2"
| #define PACKAGE_STRING "OPAL 3.16.2"
| #define PACKAGE_BUGREPORT ""
| #define PACKAGE_URL ""
| #define STDC_HEADERS 1
| #define HAVE_SYS_TYPES_H 1
| #define HAVE_SYS_STAT_H 1
| #define HAVE_STDLIB_H 1
| #define HAVE_STRING_H 1
| #define HAVE_MEMORY_H 1
| #define HAVE_STRINGS_H 1
| #define HAVE_INTTYPES_H 1
| #define HAVE_STDINT_H 1
| #define HAVE_UNISTD_H 1
| #define SIZEOF_INT 4
| #define HAVE_INTPTR_T 1
| #define HAVE_UINTPTR_T 1
| #define HAVE_UNSIGNED_LONG_LONG_INT 1
| #define HAVE_LONG_LONG_INT 1
| #define HAVE_UNSIGNED_LONG_LONG_INT 1
| #define HAVE_LONG_DOUBLE 1
| #define OPAL_MAJOR 3
| #define OPAL_MINOR 16
| #define OPAL_BUILD 2
| #define OPAL_VERSION "3.16.2"
| #define HAS_SRTP_SRTP_H 0
| #define OPAL_SRTP 1
| #define OPAL_SYSTEM_SPEEX 1
| #define OPAL_AEC 1
| /* end confdefs.h.  */
| #include <jni.h>
| int
| main ()
| {
| JNIEnv * env
| 
|   ;
|   return 0;
| }
configure:8212: result: no
configure:8269: checking C-sharp interface
configure:8304: result: yes
configure:8333: checking Ruby support
configure:8368: result: yes
configure:8400: checking for ruby
configure:8407: $PKG_CONFIG --exists --print-errors "ruby"
Package ruby was not found in the pkg-config search path.
Perhaps you should add the directory containing `ruby.pc'
to the PKG_CONFIG_PATH environment variable
No package 'ruby' found
configure:8410: $? = 1
configure:8424: $PKG_CONFIG --exists --print-errors "ruby"
Package ruby was not found in the pkg-config search path.
Perhaps you should add the directory containing `ruby.pc'
to the PKG_CONFIG_PATH environment variable
No package 'ruby' found
configure:8427: $? = 1
configure:8441: result: no
No package 'ruby' found
configure:8487: checking for Ruby support usability
configure:8501: gcc -o conftest.exe  -IE:/msys64/mingw64/include -Wall -Wno-unknown-pragmas  -I${includedir} -I${includedir}/opal   conftest.c -lruby -LE:/msys64/mingw64/lib -lspeexdsp -lwinmm -lwsock32 -lws2_32 -lsnmpapi -lmpr -lcomdlg32 -lgdi32 -lavicap32 -liphlpapi -lole32 -lquartz  >&5
conftest.c:35:10: fatal error: ruby.h: No such file or directory
 #include <ruby.h>
          ^~~~~~~~
compilation terminated.
configure:8501: $? = 1
configure: failed program was:
| /* confdefs.h */
| #define PACKAGE_NAME "OPAL"
| #define PACKAGE_TARNAME "opal"
| #define PACKAGE_VERSION "3.16.2"
| #define PACKAGE_STRING "OPAL 3.16.2"
| #define PACKAGE_BUGREPORT ""
| #define PACKAGE_URL ""
| #define STDC_HEADERS 1
| #define HAVE_SYS_TYPES_H 1
| #define HAVE_SYS_STAT_H 1
| #define HAVE_STDLIB_H 1
| #define HAVE_STRING_H 1
| #define HAVE_MEMORY_H 1
| #define HAVE_STRINGS_H 1
| #define HAVE_INTTYPES_H 1
| #define HAVE_STDINT_H 1
| #define HAVE_UNISTD_H 1
| #define SIZEOF_INT 4
| #define HAVE_INTPTR_T 1
| #define HAVE_UINTPTR_T 1
| #define HAVE_UNSIGNED_LONG_LONG_INT 1
| #define HAVE_LONG_LONG_INT 1
| #define HAVE_UNSIGNED_LONG_LONG_INT 1
| #define HAVE_LONG_DOUBLE 1
| #define OPAL_MAJOR 3
| #define OPAL_MINOR 16
| #define OPAL_BUILD 2
| #define OPAL_VERSION "3.16.2"
| #define HAS_SRTP_SRTP_H 0
| #define OPAL_SRTP 1
| #define OPAL_SYSTEM_SPEEX 1
| #define OPAL_AEC 1
| #define OPAL_CSHARP 1
| /* end confdefs.h.  */
| #include <ruby.h>
| int
| main ()
| {
| JNIEnv * env
| 
|   ;
|   return 0;
| }
configure:8509: result: no
configure:8567: checking video support
configure:8594: result: disabled due to disabled dependency OPAL_PTLIB_VIDEO=
configure:8635: checking SDP protocol support
configure:8670: result: yes
configure:8693: checking SIP protocol support
configure:8738: result: yes
configure:8761: checking H.323 protocol support
configure:8788: result: disabled due to disabled dependency OPAL_PTLIB_ASN=
configure:8829: checking IAX2 protocol support
configure:8864: result: yes
configure:8887: checking Cisco SCCP (skinny) support
configure:8922: result: yes
configure:8945: checking H.224 protocol support
configure:8972: result: disabled due to disabled dependency OPAL_PTLIB_ASN=
configure:9013: checking H.281 (Far End Camera Control) protocol support
configure:9040: result: disabled due to disabled dependency OPAL_HAS_H224=no
configure:9081: checking T.38 capability support
configure:9116: result: yes
configure:9139: checking presence support
configure:9174: result: yes
configure:9197: checking MSRP support
configure:9242: result: yes
configure:9265: checking SIPIM session support
configure:9320: result: yes
configure:9343: checking RFC4103 support
configure:9388: result: yes
configure:9411: checking statistics gathering support
configure:9446: result: yes
configure:9469: checking T.38 FAX protocol support
configure:9509: result: disabled due to disabled dependency OPAL_PTLIB_ASN=
configure:9561: checking H.450
configure:9588: result: disabled due to disabled dependency OPAL_H323=no
configure:9629: checking H.460
configure:9656: result: disabled due to disabled dependency OPAL_H323=no
configure:9697: checking H.460.24
configure:9724: result: disabled due to disabled dependency OPAL_H323=no
configure:9765: checking H.239
configure:9792: result: disabled due to disabled dependency OPAL_H323=no
configure:9833: checking H.235.6
configure:9860: result: disabled due to disabled dependency OPAL_H323=no
configure:9901: checking H.235.8
configure:9928: result: disabled due to disabled dependency OPAL_H323=no
configure:9979: checking H.501
configure:10006: result: disabled due to disabled dependency OPAL_H323=no
configure:10047: checking T.120
configure:10060: result: disabled by default
configure:10115: checking LID support
configure:10150: result: yes
configure:10179: checking DAHDI E1 support
configure:10211: result: disabled due to disabled dependency OPAL_PTLIB_DTMF
   =
   
configure:10426: checking IVR support
configure:10466: result: disabled due to disabled dependency OPAL_PTLIB_VXML=
configure:10504: checking RFC4175 support
configure:10531: result: disabled due to disabled dependency OPAL_VIDEO=no
configure:10572: checking RFC2435 support (experimental)
configure:10585: result: disabled by default
configure:10640: checking Packet Loss Concealment for G.711
configure:10675: result: yes
configure:10698: checking RTP Forward Error Correction (incomplete and experimental!)
configure:10711: result: disabled by default
configure:10756: checking RTCP Extended Reports support
configure:10791: result: yes
configure:10814: checking media mixing support
configure:10849: result: yes
configure:10872: checking PC sound system support
configure:10907: result: yes
configure:10930: checking script language support
configure:10965: result: yes
configure:10988: checking Performance checking hack
configure:11023: result: yes
configure:11046: checking bit scan intrinsic
configure:11072: gcc -o conftest.exe  -IE:/msys64/mingw64/include -Wall -Wno-unknown-pragmas  -I${includedir} -I${includedir}/opal  conftest.c -LE:/msys64/mingw64/lib -lspeexdsp -lwinmm -lwsock32 -lws2_32 -lsnmpapi -lmpr -lcomdlg32 -lgdi32 -lavicap32 -liphlpapi -lole32 -lquartz  >&5
configure:11072: $? = 0
configure:11072: ./conftest.exe
configure:11072: $? = 0
configure:11074: result: yes
configure:11098: checking enable samples build
configure:11111: result: disabled by default
configure:11156: checking plugin support
configure:11191: result: yes
configure:11220: checking where plugins are being installed
configure:11243: result: "${libdir}/opal-3.16.2"
configure:11383: creating ./config.status

## ---------------------- ##
## Running config.status. ##
## ---------------------- ##

This file was extended by OPAL config.status 3.16.2, which was
generated by GNU Autoconf 2.69.  Invocation command line was

  CONFIG_FILES    = 
  CONFIG_HEADERS  = 
  CONFIG_LINKS    = 
  CONFIG_COMMANDS = 
  $ ./config.status 

on VPDEL0XDJ5VKR0V

config.status:989: creating opal.pc
config.status:989: creating opal.spec
config.status:989: creating opal_cfg.dxy
config.status:989: creating make/opal_config.mak
config.status:989: creating samples/openphone/version.wxs
config.status:989: creating include/opal_config.h
config.status:1178: executing Platform-Makefile commands
configure:12635: === configuring in plugins (/e/nonsys/code/myopal/opal-3.16.2/plugins)
configure:12698: running /bin/sh ./configure --disable-option-checking '--prefix=/mingw64'  'PKG_CONFIG_PATH=/mingw64/lib/pkgconfig:/mingw64/share/pkgconfig' --cache-file=/dev/null --srcdir=.

## ---------------- ##
## Cache variables. ##
## ---------------- ##

ac_cv_build=x86_64-w64-mingw32
ac_cv_c_compiler_gnu=yes
ac_cv_c_int16_t=yes
ac_cv_c_int32_t=yes
ac_cv_c_int64_t=yes
ac_cv_c_int8_t=yes
ac_cv_c_uint16_t=yes
ac_cv_c_uint32_t=yes
ac_cv_c_uint64_t=yes
ac_cv_c_uint8_t=yes
ac_cv_cxx_compiler_gnu=yes
ac_cv_env_CAPI_CFLAGS_set=
ac_cv_env_CAPI_CFLAGS_value=
ac_cv_env_CAPI_LIBS_set=
ac_cv_env_CAPI_LIBS_value=
ac_cv_env_CCC_set=
ac_cv_env_CCC_value=
ac_cv_env_CC_set=
ac_cv_env_CC_value=
ac_cv_env_CFLAGS_set=
ac_cv_env_CFLAGS_value=
ac_cv_env_CPPFLAGS_set=
ac_cv_env_CPPFLAGS_value=
ac_cv_env_CPP_set=
ac_cv_env_CPP_value=
ac_cv_env_CXXFLAGS_set=
ac_cv_env_CXXFLAGS_value=
ac_cv_env_CXX_set=
ac_cv_env_CXX_value=
ac_cv_env_DAHDI_CFLAGS_set=
ac_cv_env_DAHDI_CFLAGS_value=
ac_cv_env_DAHDI_LIBS_set=
ac_cv_env_DAHDI_LIBS_value=
ac_cv_env_JAVA_CFLAGS_set=
ac_cv_env_JAVA_CFLAGS_value=
ac_cv_env_JAVA_LIBS_set=
ac_cv_env_JAVA_LIBS_value=
ac_cv_env_LDFLAGS_set=
ac_cv_env_LDFLAGS_value=
ac_cv_env_LIBS_set=
ac_cv_env_LIBS_value=
ac_cv_env_PKG_CONFIG_LIBDIR_set=
ac_cv_env_PKG_CONFIG_LIBDIR_value=
ac_cv_env_PKG_CONFIG_PATH_set=set
ac_cv_env_PKG_CONFIG_PATH_value=/mingw64/lib/pkgconfig:/mingw64/share/pkgconfig
ac_cv_env_PKG_CONFIG_set=
ac_cv_env_PKG_CONFIG_value=
ac_cv_env_PTLIB_CFLAGS_set=
ac_cv_env_PTLIB_CFLAGS_value=
ac_cv_env_PTLIB_LIBS_set=
ac_cv_env_PTLIB_LIBS_value=
ac_cv_env_RUBY_CFLAGS_set=
ac_cv_env_RUBY_CFLAGS_value=
ac_cv_env_RUBY_LIBS_set=
ac_cv_env_RUBY_LIBS_value=
ac_cv_env_SPEEXDSP_CFLAGS_set=
ac_cv_env_SPEEXDSP_CFLAGS_value=
ac_cv_env_SPEEXDSP_LIBS_set=
ac_cv_env_SPEEXDSP_LIBS_value=
ac_cv_env_SRTP_CFLAGS_set=
ac_cv_env_SRTP_CFLAGS_value=
ac_cv_env_SRTP_LIBS_set=
ac_cv_env_SRTP_LIBS_value=
ac_cv_env_ZRTP_CFLAGS_set=
ac_cv_env_ZRTP_CFLAGS_value=
ac_cv_env_ZRTP_LIBS_set=
ac_cv_env_ZRTP_LIBS_value=
ac_cv_env_build_alias_set=
ac_cv_env_build_alias_value=
ac_cv_env_host_alias_set=
ac_cv_env_host_alias_value=
ac_cv_env_target_alias_set=
ac_cv_env_target_alias_value=
ac_cv_exeext=.exe
ac_cv_header_inttypes_h=yes
ac_cv_header_memory_h=yes
ac_cv_header_stdc=yes
ac_cv_header_stdint_h=yes
ac_cv_header_stdlib_h=yes
ac_cv_header_string_h=yes
ac_cv_header_strings_h=yes
ac_cv_header_sys_stat_h=yes
ac_cv_header_sys_types_h=yes
ac_cv_header_unistd_h=yes
ac_cv_host=x86_64-w64-mingw32
ac_cv_objext=o
ac_cv_path_EGREP='/usr/bin/grep -E'
ac_cv_path_GREP=/usr/bin/grep
ac_cv_path_SWIG=/usr/bin/swig
ac_cv_path_ac_pt_PKG_CONFIG=/mingw64/bin/pkg-config
ac_cv_path_install='/usr/bin/install -c'
ac_cv_prog_CPP='gcc -E'
ac_cv_prog_ac_ct_AR=ar
ac_cv_prog_ac_ct_CC=gcc
ac_cv_prog_ac_ct_CXX=g++
ac_cv_prog_ac_ct_OBJCOPY=objcopy
ac_cv_prog_ac_ct_RANLIB=ranlib
ac_cv_prog_ac_ct_STRIP=strip
ac_cv_prog_cc_c89=
ac_cv_prog_cc_g=yes
ac_cv_prog_cxx_g=yes
ac_cv_sizeof_int=4
ac_cv_target=x86_64-w64-mingw32
ac_cv_type_intptr_t=yes
ac_cv_type_long_double=yes
ac_cv_type_long_long_int=yes
ac_cv_type_uintptr_t=yes
ac_cv_type_unsigned_long_long_int=yes
pkg_cv_PTLIB_CFLAGS='-Wall -Wno-unknown-pragmas -DP_64BIT -fno-diagnostics-show-caret -D_REENTRANT -DPTRACING=2 -IE:/msys64/mingw64/include'
pkg_cv_PTLIB_LIBS='-LE:/msys64/mingw64/lib -lpt'
pkg_cv_SPEEXDSP_CFLAGS=-IE:/msys64/mingw64/include
pkg_cv_SPEEXDSP_LIBS='-LE:/msys64/mingw64/lib -lspeexdsp'

## ----------------- ##
## Output variables. ##
## ----------------- ##

AR='ar'
ARFLAGS='rc'
CAPI_CFLAGS=''
CAPI_LIBS='-lcapi'
CAPI_SYSTEM='yes'
CAPI_USABLE='no'
CC='gcc'
CFLAGS=''
CPP11_FLAGS=''
CPP='gcc -E'
CPPFLAGS='-IE:/msys64/mingw64/include -Wall -Wno-unknown-pragmas  -I${includedir} -I${includedir}/opal'
CXX='g++'
CXXFLAGS='-Wno-overloaded-virtual -Wno-unused-private-field  -Wno-deprecated-declarations'
DAHDI_CFLAGS=''
DAHDI_LIBS=''
DAHDI_SYSTEM='yes'
DAHDI_USABLE='no'
DEBUGINFOEXT='debug'
DEBUG_CFLAGS='-gdwarf-4 '
DEBUG_CPPFLAGS='-D_DEBUG '
DEFS='-DHAVE_CONFIG_H'
DSYMUTIL=''
ECHO_C=''
ECHO_N='-n'
ECHO_T=''
EGREP='/usr/bin/grep -E'
EXEEXT='.exe'
GREP='/usr/bin/grep'
INSTALL_DATA='${INSTALL} -m 644'
INSTALL_PROGRAM='${INSTALL}'
INSTALL_SCRIPT='${INSTALL}'
JAVA_CFLAGS=''
JAVA_LIBS='-ljdk'
JAVA_SYSTEM='yes'
JAVA_USABLE='no'
LD='g++'
LDFLAGS=''
LIBOBJS=''
LIBS='-LE:/msys64/mingw64/lib -lspeexdsp -lwinmm -lwsock32 -lws2_32 -lsnmpapi -lmpr -lcomdlg32 -lgdi32 -lavicap32 -liphlpapi -lole32 -lquartz '
LN_S='cp -pR'
LTLIBOBJS=''
MKDIR_P='mkdir -p'
OBJCOPY='objcopy'
OBJEXT='o'
OPAL_AEC='yes'
OPAL_BUILD='2'
OPAL_CAPI='no'
OPAL_CSHARP='yes'
OPAL_DAHDI='no'
OPAL_FAX='no'
OPAL_G711PLC='yes'
OPAL_H235_6='no'
OPAL_H235_8='no'
OPAL_H239='no'
OPAL_H323='no'
OPAL_H450='no'
OPAL_H460='no'
OPAL_H460_NAT='no'
OPAL_H501='no'
OPAL_HAS_H224='no'
OPAL_HAS_H281='no'
OPAL_HAS_MIXER='yes'
OPAL_HAS_MSRP='yes'
OPAL_HAS_PCSS='yes'
OPAL_HAS_PRESENCE='yes'
OPAL_HAS_RFC4103='yes'
OPAL_HAS_SIPIM='yes'
OPAL_IAX2='yes'
OPAL_IVR='no'
OPAL_JAVA='no'
OPAL_LID='yes'
OPAL_MAJOR='3'
OPAL_MINOR='16'
OPAL_PERFORMANCE_CHECK_HACK='yes'
OPAL_PLUGINS='yes'
OPAL_PLUGIN_DIR='${libdir}/opal-3.16.2'
OPAL_PTLIB_ASN=''
OPAL_PTLIB_AUDIO=''
OPAL_PTLIB_CLI=''
OPAL_PTLIB_CONFIG_FILE=''
OPAL_PTLIB_DNS_RESOLVER='no'
OPAL_PTLIB_DTMF=''
OPAL_PTLIB_EXPAT='yes'
OPAL_PTLIB_GSTREAMER='no'
OPAL_PTLIB_HTTP=''
OPAL_PTLIB_HTTPSVC=''
OPAL_PTLIB_IPV6='no'
OPAL_PTLIB_LDAP='no'
OPAL_PTLIB_SSL='yes'
OPAL_PTLIB_SSL_AES='yes'
OPAL_PTLIB_STUN=''
OPAL_PTLIB_URL=''
OPAL_PTLIB_VIDEO=''
OPAL_PTLIB_VXML=''
OPAL_PTLIB_WAVFILE=''
OPAL_RFC2435='no'
OPAL_RFC4175='no'
OPAL_RTCP_XR='yes'
OPAL_RTP_FEC='no'
OPAL_RUBY='no'
OPAL_SAMPLES='no'
OPAL_SCRIPT='yes'
OPAL_SDP='yes'
OPAL_SIP='yes'
OPAL_SKINNY='yes'
OPAL_SRTP='yes'
OPAL_STAGE='.'
OPAL_STATISTICS='yes'
OPAL_T120DATA='no'
OPAL_T38_CAPABILITY='yes'
OPAL_VERSION='3.16.2'
OPAL_VIDEO='no'
OPAL_ZRTP='no'
OPT_CFLAGS='-O3 '
OPT_CPPFLAGS='-DNDEBUG '
PACKAGE_BUGREPORT=''
PACKAGE_NAME='OPAL'
PACKAGE_STRING='OPAL 3.16.2'
PACKAGE_TARNAME='opal'
PACKAGE_URL=''
PACKAGE_VERSION='3.16.2'
PATH_SEPARATOR=':'
PKG_CONFIG='/mingw64/bin/pkg-config'
PKG_CONFIG_LIBDIR=''
PKG_CONFIG_PATH='/mingw64/lib/pkgconfig:/mingw64/share/pkgconfig'
PTLIB_CFLAGS='-Wall -Wno-unknown-pragmas -DP_64BIT -fno-diagnostics-show-caret -D_REENTRANT -DPTRACING=2 -IE:/msys64/mingw64/include'
PTLIB_LIBS='-LE:/msys64/mingw64/lib -lpt'
PTLIB_LIB_DIR='E:/msys64/mingw64/lib'
PTLIB_MAKE_DIR='E:/msys64/mingw64/share/ptlib/make'
P_PROFILING=''
RANLIB='ranlib'
RUBY_CFLAGS=''
RUBY_LIBS='-lruby'
RUBY_SYSTEM='yes'
RUBY_USABLE='no'
SHAREDLIBEXT='dll'
SHARED_CPPFLAGS=''
SHARED_LDFLAGS='-shared -Wl,--kill-at'
SHELL='/bin/sh'
SPEEXDSP_CFLAGS='-IE:/msys64/mingw64/include'
SPEEXDSP_LIBS='-LE:/msys64/mingw64/lib -lspeexdsp'
SPEEXDSP_SYSTEM='yes'
SPEEXDSP_USABLE='yes'
SRTP_CFLAGS=''
SRTP_LIBS=''
SRTP_SYSTEM='no'
SRTP_USABLE='yes'
STATICLIBEXT='lib'
STRIP='strip'
SVN=''
SWIG='/usr/bin/swig'
ZRTP_CFLAGS=''
ZRTP_LIBS='-lzrtpi -lbn'
ZRTP_SYSTEM='yes'
ZRTP_USABLE='no'
ac_ct_CC='gcc'
ac_ct_CXX='g++'
bindir='${exec_prefix}/bin'
build='2'
build_alias='x86_64-w64-mingw32'
build_cpu='x86_64'
build_os='mingw32'
build_vendor='w64'
datadir='${datarootdir}'
datarootdir='${prefix}/share'
docdir='${datarootdir}/doc/${PACKAGE_TARNAME}'
dvidir='${docdir}'
exec_prefix='${prefix}'
host='x86_64-w64-mingw32'
host_alias=''
host_cpu='x86_64'
host_os='mingw32'
host_vendor='w64'
htmldir='${docdir}'
includedir='${prefix}/include'
infodir='${datarootdir}/info'
libdir='${exec_prefix}/lib'
libexecdir='${exec_prefix}/libexec'
localedir='${datarootdir}/locale'
localstatedir='${prefix}/var'
makedir='${datarootdir}/opal/make'
mandir='${datarootdir}/man'
oldincludedir='/usr/include'
pdfdir='${docdir}'
prefix='/mingw64'
program_transform_name='s,x,x,'
psdir='${docdir}'
sbindir='${exec_prefix}/sbin'
sharedstatedir='${prefix}/com'
subdirs=' src/rtp/libsrtp plugins'
sysconfdir='${prefix}/etc'
target='mingw_x86_64'
target_alias=''
target_cpu='x86_64'
target_os='mingw'
target_vendor='w64'

## ----------- ##
## confdefs.h. ##
## ----------- ##

/* confdefs.h */
#define PACKAGE_NAME "OPAL"
#define PACKAGE_TARNAME "opal"
#define PACKAGE_VERSION "3.16.2"
#define PACKAGE_STRING "OPAL 3.16.2"
#define PACKAGE_BUGREPORT ""
#define PACKAGE_URL ""
#define STDC_HEADERS 1
#define HAVE_SYS_TYPES_H 1
#define HAVE_SYS_STAT_H 1
#define HAVE_STDLIB_H 1
#define HAVE_STRING_H 1
#define HAVE_MEMORY_H 1
#define HAVE_STRINGS_H 1
#define HAVE_INTTYPES_H 1
#define HAVE_STDINT_H 1
#define HAVE_UNISTD_H 1
#define SIZEOF_INT 4
#define HAVE_INTPTR_T 1
#define HAVE_UINTPTR_T 1
#define HAVE_UNSIGNED_LONG_LONG_INT 1
#define HAVE_LONG_LONG_INT 1
#define HAVE_UNSIGNED_LONG_LONG_INT 1
#define HAVE_LONG_DOUBLE 1
#define OPAL_MAJOR 3
#define OPAL_MINOR 16
#define OPAL_BUILD 2
#define OPAL_VERSION "3.16.2"
#define HAS_SRTP_SRTP_H 0
#define OPAL_SRTP 1
#define OPAL_SYSTEM_SPEEX 1
#define OPAL_AEC 1
#define OPAL_CSHARP 1
#define OPAL_SDP 1
#define OPAL_SIP 1
#define OPAL_IAX2 1
#define OPAL_SKINNY 1
#define OPAL_T38_CAPABILITY 1
#define OPAL_HAS_PRESENCE 1
#define OPAL_HAS_MSRP 1
#define OPAL_HAS_SIPIM 1
#define OPAL_HAS_RFC4103 1
#define OPAL_STATISTICS 1
#define OPAL_LID 1
#define OPAL_G711PLC 1
#define OPAL_RTCP_XR 1
#define OPAL_HAS_MIXER 1
#define OPAL_HAS_PCSS 1
#define OPAL_SCRIPT 1
#define OPAL_PERFORMANCE_CHECK_HACK 1
#define GCC_HAS_CLZ 1
#define OPAL_PLUGINS 1

configure: exit 0
